2018-04-19 11:02:11 [ main:0 ] - [ DEBUG ] Using Log4J as the default logging framework
  2018-04-19 11:02:11 [ main:4 ] - [ DEBUG ] -Dio.netty.eventLoopThreads: 8
  2018-04-19 11:02:11 [ main:55 ] - [ DEBUG ] Platform: Windows
  2018-04-19 11:02:11 [ main:57 ] - [ DEBUG ] -Dio.netty.noUnsafe: false
  2018-04-19 11:02:11 [ main:57 ] - [ DEBUG ] Java version: 8
  2018-04-19 11:02:11 [ main:59 ] - [ DEBUG ] sun.misc.Unsafe.theUnsafe: available
  2018-04-19 11:02:11 [ main:60 ] - [ DEBUG ] sun.misc.Unsafe.copyMemory: available
  2018-04-19 11:02:11 [ main:61 ] - [ DEBUG ] java.nio.Buffer.address: available
  2018-04-19 11:02:11 [ main:61 ] - [ DEBUG ] direct buffer constructor: available
  2018-04-19 11:02:11 [ main:62 ] - [ DEBUG ] java.nio.Bits.unaligned: available, true
  2018-04-19 11:02:11 [ main:62 ] - [ DEBUG ] jdk.internal.misc.Unsafe.allocateUninitializedArray(int): unavailable prior to Java9
  2018-04-19 11:02:11 [ main:62 ] - [ DEBUG ] java.nio.DirectByteBuffer.<init>(long, int): available
  2018-04-19 11:02:11 [ main:62 ] - [ DEBUG ] sun.misc.Unsafe: available
  2018-04-19 11:02:11 [ main:63 ] - [ DEBUG ] -Dio.netty.tmpdir: C:\Users\JAVASE~1\AppData\Local\Temp (java.io.tmpdir)
  2018-04-19 11:02:11 [ main:63 ] - [ DEBUG ] -Dio.netty.bitMode: 64 (sun.arch.data.model)
  2018-04-19 11:02:11 [ main:65 ] - [ DEBUG ] -Dio.netty.noPreferDirect: false
  2018-04-19 11:02:11 [ main:65 ] - [ DEBUG ] -Dio.netty.maxDirectMemory: 1884815360 bytes
  2018-04-19 11:02:11 [ main:65 ] - [ DEBUG ] -Dio.netty.uninitializedArrayAllocationThreshold: -1
  2018-04-19 11:02:11 [ main:66 ] - [ DEBUG ] java.nio.ByteBuffer.cleaner(): available
  2018-04-19 11:02:11 [ main:90 ] - [ DEBUG ] -Dio.netty.noKeySetOptimization: false
  2018-04-19 11:02:11 [ main:90 ] - [ DEBUG ] -Dio.netty.selectorAutoRebuildThreshold: 512
  2018-04-19 11:02:11 [ main:103 ] - [ DEBUG ] org.jctools-core.MpscChunkedArrayQueue: available
  2018-04-19 11:02:11 [ main:235 ] - [ INFO ] [ChatServer 启动了]
  2018-04-19 11:02:11 [ main:264 ] - [ DEBUG ] -Dio.netty.processId: 20800 (auto-detected)
  2018-04-19 11:02:11 [ main:266 ] - [ DEBUG ] -Djava.net.preferIPv4Stack: false
  2018-04-19 11:02:11 [ main:266 ] - [ DEBUG ] -Djava.net.preferIPv6Addresses: false
  2018-04-19 11:02:11 [ main:317 ] - [ DEBUG ] Loopback interface: lo (Software Loopback Interface 1, 127.0.0.1)
  2018-04-19 11:02:11 [ main:318 ] - [ DEBUG ] Failed to get SOMAXCONN from sysctl and file \proc\sys\net\core\somaxconn. Default: 200
  2018-04-19 11:02:11 [ main:374 ] - [ DEBUG ] -Dio.netty.machineId: 00:00:00:00:00:00:00:e0 (auto-detected)
  2018-04-19 11:02:11 [ main:384 ] - [ DEBUG ] -Dio.netty.threadLocalMap.stringBuilder.initialSize: 1024
  2018-04-19 11:02:11 [ main:384 ] - [ DEBUG ] -Dio.netty.threadLocalMap.stringBuilder.maxSize: 4096
  2018-04-19 11:02:11 [ main:403 ] - [ DEBUG ] -Dio.netty.leakDetection.level: simple
  2018-04-19 11:02:11 [ main:403 ] - [ DEBUG ] -Dio.netty.leakDetection.targetRecords: 4
  2018-04-19 11:02:11 [ main:440 ] - [ DEBUG ] -Dio.netty.allocator.numHeapArenas: 8
  2018-04-19 11:02:11 [ main:440 ] - [ DEBUG ] -Dio.netty.allocator.numDirectArenas: 8
  2018-04-19 11:02:11 [ main:440 ] - [ DEBUG ] -Dio.netty.allocator.pageSize: 8192
  2018-04-19 11:02:11 [ main:440 ] - [ DEBUG ] -Dio.netty.allocator.maxOrder: 11
  2018-04-19 11:02:11 [ main:440 ] - [ DEBUG ] -Dio.netty.allocator.chunkSize: 16777216
  2018-04-19 11:02:11 [ main:440 ] - [ DEBUG ] -Dio.netty.allocator.tinyCacheSize: 512
  2018-04-19 11:02:11 [ main:440 ] - [ DEBUG ] -Dio.netty.allocator.smallCacheSize: 256
  2018-04-19 11:02:11 [ main:440 ] - [ DEBUG ] -Dio.netty.allocator.normalCacheSize: 64
  2018-04-19 11:02:11 [ main:440 ] - [ DEBUG ] -Dio.netty.allocator.maxCachedBufferCapacity: 32768
  2018-04-19 11:02:11 [ main:440 ] - [ DEBUG ] -Dio.netty.allocator.cacheTrimInterval: 8192
  2018-04-19 11:02:11 [ main:440 ] - [ DEBUG ] -Dio.netty.allocator.useCacheForAllThreads: true
  2018-04-19 11:02:11 [ main:454 ] - [ DEBUG ] -Dio.netty.allocator.type: pooled
  2018-04-19 11:02:11 [ main:454 ] - [ DEBUG ] -Dio.netty.threadLocalDirectBufferSize: 65536
  2018-04-19 11:02:11 [ main:454 ] - [ DEBUG ] -Dio.netty.maxThreadLocalCharBufferSize: 16384
  2018-04-19 11:02:11 [ main:489 ] - [ INFO ] [ChatServer 关闭了]
  2018-04-19 11:02:19 [ main:0 ] - [ DEBUG ] Using Log4J as the default logging framework
  2018-04-19 11:02:19 [ main:5 ] - [ DEBUG ] -Dio.netty.eventLoopThreads: 8
  2018-04-19 11:02:19 [ main:63 ] - [ DEBUG ] Platform: Windows
  2018-04-19 11:02:19 [ main:65 ] - [ DEBUG ] -Dio.netty.noUnsafe: false
  2018-04-19 11:02:19 [ main:66 ] - [ DEBUG ] Java version: 8
  2018-04-19 11:02:19 [ main:68 ] - [ DEBUG ] sun.misc.Unsafe.theUnsafe: available
  2018-04-19 11:02:19 [ main:69 ] - [ DEBUG ] sun.misc.Unsafe.copyMemory: available
  2018-04-19 11:02:19 [ main:70 ] - [ DEBUG ] java.nio.Buffer.address: available
  2018-04-19 11:02:19 [ main:70 ] - [ DEBUG ] direct buffer constructor: available
  2018-04-19 11:02:19 [ main:71 ] - [ DEBUG ] java.nio.Bits.unaligned: available, true
  2018-04-19 11:02:19 [ main:71 ] - [ DEBUG ] jdk.internal.misc.Unsafe.allocateUninitializedArray(int): unavailable prior to Java9
  2018-04-19 11:02:19 [ main:71 ] - [ DEBUG ] java.nio.DirectByteBuffer.<init>(long, int): available
  2018-04-19 11:02:19 [ main:71 ] - [ DEBUG ] sun.misc.Unsafe: available
  2018-04-19 11:02:19 [ main:72 ] - [ DEBUG ] -Dio.netty.tmpdir: C:\Users\JAVASE~1\AppData\Local\Temp (java.io.tmpdir)
  2018-04-19 11:02:19 [ main:72 ] - [ DEBUG ] -Dio.netty.bitMode: 64 (sun.arch.data.model)
  2018-04-19 11:02:19 [ main:74 ] - [ DEBUG ] -Dio.netty.noPreferDirect: false
  2018-04-19 11:02:19 [ main:74 ] - [ DEBUG ] -Dio.netty.maxDirectMemory: 1884815360 bytes
  2018-04-19 11:02:19 [ main:74 ] - [ DEBUG ] -Dio.netty.uninitializedArrayAllocationThreshold: -1
  2018-04-19 11:02:19 [ main:75 ] - [ DEBUG ] java.nio.ByteBuffer.cleaner(): available
  2018-04-19 11:02:19 [ main:99 ] - [ DEBUG ] -Dio.netty.noKeySetOptimization: false
  2018-04-19 11:02:19 [ main:99 ] - [ DEBUG ] -Dio.netty.selectorAutoRebuildThreshold: 512
  2018-04-19 11:02:19 [ main:114 ] - [ DEBUG ] org.jctools-core.MpscChunkedArrayQueue: available
  2018-04-19 11:02:19 [ main:210 ] - [ INFO ] [ChatServer 启动了]
  2018-04-19 11:02:19 [ main:227 ] - [ DEBUG ] -Dio.netty.processId: 32064 (auto-detected)
  2018-04-19 11:02:19 [ main:229 ] - [ DEBUG ] -Djava.net.preferIPv4Stack: false
  2018-04-19 11:02:19 [ main:229 ] - [ DEBUG ] -Djava.net.preferIPv6Addresses: false
  2018-04-19 11:02:19 [ main:281 ] - [ DEBUG ] Loopback interface: lo (Software Loopback Interface 1, 127.0.0.1)
  2018-04-19 11:02:19 [ main:282 ] - [ DEBUG ] Failed to get SOMAXCONN from sysctl and file \proc\sys\net\core\somaxconn. Default: 200
  2018-04-19 11:02:19 [ main:334 ] - [ DEBUG ] -Dio.netty.machineId: 00:00:00:00:00:00:00:e0 (auto-detected)
  2018-04-19 11:02:19 [ main:341 ] - [ DEBUG ] -Dio.netty.threadLocalMap.stringBuilder.initialSize: 1024
  2018-04-19 11:02:19 [ main:341 ] - [ DEBUG ] -Dio.netty.threadLocalMap.stringBuilder.maxSize: 4096
  2018-04-19 11:02:19 [ main:359 ] - [ DEBUG ] -Dio.netty.leakDetection.level: simple
  2018-04-19 11:02:19 [ main:359 ] - [ DEBUG ] -Dio.netty.leakDetection.targetRecords: 4
  2018-04-19 11:02:19 [ main:403 ] - [ DEBUG ] -Dio.netty.allocator.numHeapArenas: 8
  2018-04-19 11:02:19 [ main:403 ] - [ DEBUG ] -Dio.netty.allocator.numDirectArenas: 8
  2018-04-19 11:02:19 [ main:403 ] - [ DEBUG ] -Dio.netty.allocator.pageSize: 8192
  2018-04-19 11:02:19 [ main:403 ] - [ DEBUG ] -Dio.netty.allocator.maxOrder: 11
  2018-04-19 11:02:19 [ main:403 ] - [ DEBUG ] -Dio.netty.allocator.chunkSize: 16777216
  2018-04-19 11:02:19 [ main:403 ] - [ DEBUG ] -Dio.netty.allocator.tinyCacheSize: 512
  2018-04-19 11:02:19 [ main:403 ] - [ DEBUG ] -Dio.netty.allocator.smallCacheSize: 256
  2018-04-19 11:02:19 [ main:403 ] - [ DEBUG ] -Dio.netty.allocator.normalCacheSize: 64
  2018-04-19 11:02:19 [ main:403 ] - [ DEBUG ] -Dio.netty.allocator.maxCachedBufferCapacity: 32768
  2018-04-19 11:02:19 [ main:403 ] - [ DEBUG ] -Dio.netty.allocator.cacheTrimInterval: 8192
  2018-04-19 11:02:19 [ main:403 ] - [ DEBUG ] -Dio.netty.allocator.useCacheForAllThreads: true
  2018-04-19 11:02:19 [ main:413 ] - [ DEBUG ] -Dio.netty.allocator.type: pooled
  2018-04-19 11:02:19 [ main:413 ] - [ DEBUG ] -Dio.netty.threadLocalDirectBufferSize: 65536
  2018-04-19 11:02:19 [ main:413 ] - [ DEBUG ] -Dio.netty.maxThreadLocalCharBufferSize: 16384
  2018-04-19 11:02:50 [ nioEventLoopGroup-3-1:31216 ] - [ INFO ] [id: 0xe6179ea9, L:/192.168.1.41:8080 - R:/192.168.1.41:65463] REGISTERED
  2018-04-19 11:02:50 [ nioEventLoopGroup-3-1:31216 ] - [ INFO ] [id: 0xe6179ea9, L:/192.168.1.41:8080 - R:/192.168.1.41:65463] ACTIVE
  2018-04-19 11:02:50 [ nioEventLoopGroup-3-1:31216 ] - [ INFO ] ChatClient:/192.168.1.41:65463上线
  2018-04-19 11:02:50 [ nioEventLoopGroup-3-1:31333 ] - [ DEBUG ] -Dio.netty.recycler.maxCapacityPerThread: 32768
  2018-04-19 11:02:50 [ nioEventLoopGroup-3-1:31333 ] - [ DEBUG ] -Dio.netty.recycler.maxSharedCapacityFactor: 2
  2018-04-19 11:02:50 [ nioEventLoopGroup-3-1:31333 ] - [ DEBUG ] -Dio.netty.recycler.linkCapacity: 16
  2018-04-19 11:02:50 [ nioEventLoopGroup-3-1:31333 ] - [ DEBUG ] -Dio.netty.recycler.ratio: 8
  2018-04-19 11:02:50 [ nioEventLoopGroup-3-1:31342 ] - [ DEBUG ] -Dio.netty.buffer.bytebuf.checkAccessible: true
  2018-04-19 11:02:50 [ nioEventLoopGroup-3-1:31343 ] - [ DEBUG ] Loaded default ResourceLeakDetector: io.netty.util.ResourceLeakDetector@4cc1c350
  2018-04-19 11:02:50 [ nioEventLoopGroup-3-1:31348 ] - [ INFO ] [id: 0xe6179ea9, L:/192.168.1.41:8080 - R:/192.168.1.41:65463] READ: 75B
         +-------------------------------------------------+
         |  0  1  2  3  4  5  6  7  8  9  a  b  c  d  e  f |
+--------+-------------------------------------------------+----------------+
|00000000| 4a 08 80 c2 d7 2f 12 09 6c 69 6c 69 6e 66 65 6e |J..../..lilinfen|
|00000010| 67 1a 17 4e 65 74 74 79 20 62 6f 6f 6b 20 66 6f |g..Netty book fo|
|00000020| 72 20 70 72 6f 74 6f 62 75 66 22 0d 73 74 72 65 |r protobuf".stre|
|00000030| 65 74 20 73 74 72 65 65 74 2a 10 7b 22 6d 73 67 |et street*.{"msg|
|00000040| 54 79 70 65 22 3a 33 30 30 31 7d                |Type":3001}     |
+--------+-------------------------------------------------+----------------+
  2018-04-19 11:02:50 [ nioEventLoopGroup-3-1:31363 ] - [ INFO ] 来了。。。      。。。 
  2018-04-19 11:02:50 [ nioEventLoopGroup-3-1:31363 ] - [ INFO ] ID --------- 100000000
  2018-04-19 11:02:50 [ nioEventLoopGroup-3-1:31421 ] - [ INFO ] Server accept client subcribe req: [subReqID: 100000000
userName: "lilinfeng"
productName: "Netty book for protobuf"
address: "street street"
jsonBody: "{\"msgType\":3001}"
]
  2018-04-19 11:02:50 [ nioEventLoopGroup-3-1:31532 ] - [ INFO ] [id: 0xe6179ea9, L:/192.168.1.41:8080 - R:/192.168.1.41:65463] WRITE: 32B
         +-------------------------------------------------+
         |  0  1  2  3  4  5  6  7  8  9  a  b  c  d  e  f |
+--------+-------------------------------------------------+----------------+
|00000000| 1f 08 80 c2 d7 2f 10 0a 1a 04 64 64 64 64 22 10 |...../....dddd".|
|00000010| 7b 22 6d 73 67 54 79 70 65 22 3a 33 30 30 31 7d |{"msgType":3001}|
+--------+-------------------------------------------------+----------------+
  2018-04-19 11:02:50 [ nioEventLoopGroup-3-1:31532 ] - [ INFO ] [id: 0xe6179ea9, L:/192.168.1.41:8080 - R:/192.168.1.41:65463] FLUSH
  2018-04-19 11:02:50 [ nioEventLoopGroup-3-1:31533 ] - [ INFO ] [id: 0xe6179ea9, L:/192.168.1.41:8080 - R:/192.168.1.41:65463] READ COMPLETE
  2018-04-19 11:04:39  [ main:0 ] - [ DEBUG ]  Using Log4J as the default logging framework
2018-04-19 11:04:39  [ main:7 ] - [ DEBUG ]  -Dio.netty.eventLoopThreads: 8
2018-04-19 11:04:40  [ main:56 ] - [ DEBUG ]  Platform: Windows
2018-04-19 11:04:40  [ main:61 ] - [ DEBUG ]  -Dio.netty.noUnsafe: false
2018-04-19 11:04:40  [ main:63 ] - [ DEBUG ]  Java version: 8
2018-04-19 11:04:40  [ main:65 ] - [ DEBUG ]  sun.misc.Unsafe.theUnsafe: available
2018-04-19 11:04:40  [ main:66 ] - [ DEBUG ]  sun.misc.Unsafe.copyMemory: available
2018-04-19 11:04:40  [ main:67 ] - [ DEBUG ]  java.nio.Buffer.address: available
2018-04-19 11:04:40  [ main:68 ] - [ DEBUG ]  direct buffer constructor: available
2018-04-19 11:04:40  [ main:70 ] - [ DEBUG ]  java.nio.Bits.unaligned: available, true
2018-04-19 11:04:40  [ main:70 ] - [ DEBUG ]  jdk.internal.misc.Unsafe.allocateUninitializedArray(int): unavailable prior to Java9
2018-04-19 11:04:40  [ main:70 ] - [ DEBUG ]  java.nio.DirectByteBuffer.<init>(long, int): available
2018-04-19 11:04:40  [ main:71 ] - [ DEBUG ]  sun.misc.Unsafe: available
2018-04-19 11:04:40  [ main:71 ] - [ DEBUG ]  -Dio.netty.tmpdir: C:\Users\JAVASE~1\AppData\Local\Temp (java.io.tmpdir)
2018-04-19 11:04:40  [ main:72 ] - [ DEBUG ]  -Dio.netty.bitMode: 64 (sun.arch.data.model)
2018-04-19 11:04:40  [ main:74 ] - [ DEBUG ]  -Dio.netty.noPreferDirect: false
2018-04-19 11:04:40  [ main:76 ] - [ DEBUG ]  -Dio.netty.maxDirectMemory: 1884815360 bytes
2018-04-19 11:04:40  [ main:76 ] - [ DEBUG ]  -Dio.netty.uninitializedArrayAllocationThreshold: -1
2018-04-19 11:04:40  [ main:77 ] - [ DEBUG ]  java.nio.ByteBuffer.cleaner(): available
2018-04-19 11:04:40  [ main:106 ] - [ DEBUG ]  -Dio.netty.noKeySetOptimization: false
2018-04-19 11:04:40  [ main:107 ] - [ DEBUG ]  -Dio.netty.selectorAutoRebuildThreshold: 512
2018-04-19 11:04:40  [ main:138 ] - [ DEBUG ]  org.jctools-core.MpscChunkedArrayQueue: available
2018-04-19 11:04:40  [ main:305 ] - [ INFO ]  [ChatServer 启动了]
2018-04-19 11:04:40  [ main:330 ] - [ DEBUG ]  -Dio.netty.processId: 26756 (auto-detected)
2018-04-19 11:04:40  [ main:352 ] - [ DEBUG ]  -Djava.net.preferIPv4Stack: false
2018-04-19 11:04:40  [ main:353 ] - [ DEBUG ]  -Djava.net.preferIPv6Addresses: false
2018-04-19 11:04:40  [ main:471 ] - [ DEBUG ]  Loopback interface: lo (Software Loopback Interface 1, 127.0.0.1)
2018-04-19 11:04:40  [ main:473 ] - [ DEBUG ]  Failed to get SOMAXCONN from sysctl and file \proc\sys\net\core\somaxconn. Default: 200
2018-04-19 11:04:40  [ main:553 ] - [ DEBUG ]  -Dio.netty.machineId: 00:00:00:00:00:00:00:e0 (auto-detected)
2018-04-19 11:04:40  [ main:558 ] - [ DEBUG ]  -Dio.netty.threadLocalMap.stringBuilder.initialSize: 1024
2018-04-19 11:04:40  [ main:559 ] - [ DEBUG ]  -Dio.netty.threadLocalMap.stringBuilder.maxSize: 4096
2018-04-19 11:04:40  [ main:569 ] - [ DEBUG ]  -Dio.netty.leakDetection.level: simple
2018-04-19 11:04:40  [ main:570 ] - [ DEBUG ]  -Dio.netty.leakDetection.targetRecords: 4
2018-04-19 11:04:40  [ main:607 ] - [ DEBUG ]  -Dio.netty.allocator.numHeapArenas: 8
2018-04-19 11:04:40  [ main:607 ] - [ DEBUG ]  -Dio.netty.allocator.numDirectArenas: 8
2018-04-19 11:04:40  [ main:608 ] - [ DEBUG ]  -Dio.netty.allocator.pageSize: 8192
2018-04-19 11:04:40  [ main:608 ] - [ DEBUG ]  -Dio.netty.allocator.maxOrder: 11
2018-04-19 11:04:40  [ main:608 ] - [ DEBUG ]  -Dio.netty.allocator.chunkSize: 16777216
2018-04-19 11:04:40  [ main:608 ] - [ DEBUG ]  -Dio.netty.allocator.tinyCacheSize: 512
2018-04-19 11:04:40  [ main:608 ] - [ DEBUG ]  -Dio.netty.allocator.smallCacheSize: 256
2018-04-19 11:04:40  [ main:608 ] - [ DEBUG ]  -Dio.netty.allocator.normalCacheSize: 64
2018-04-19 11:04:40  [ main:609 ] - [ DEBUG ]  -Dio.netty.allocator.maxCachedBufferCapacity: 32768
2018-04-19 11:04:40  [ main:609 ] - [ DEBUG ]  -Dio.netty.allocator.cacheTrimInterval: 8192
2018-04-19 11:04:40  [ main:609 ] - [ DEBUG ]  -Dio.netty.allocator.useCacheForAllThreads: true
2018-04-19 11:04:40  [ main:619 ] - [ DEBUG ]  -Dio.netty.allocator.type: pooled
2018-04-19 11:04:40  [ main:619 ] - [ DEBUG ]  -Dio.netty.threadLocalDirectBufferSize: 65536
2018-04-19 11:04:40  [ main:619 ] - [ DEBUG ]  -Dio.netty.maxThreadLocalCharBufferSize: 16384
